<?xml version="1.0" encoding="UTF-8"?>
<testng-results ignored="0" total="1" passed="1" failed="0" skipped="0">
  <reporter-output>
  </reporter-output>
  <suite started-at="2023-05-25T13:50:20 IST" name="Default suite" finished-at="2023-05-25T13:50:29 IST" duration-ms="9295">
    <groups>
    </groups>
    <test started-at="2023-05-25T13:50:20 IST" name="Default test" finished-at="2023-05-25T13:50:29 IST" duration-ms="9295">
      <class name="com.Test.LoginTest">
        <test-method is-config="true" signature="beforetest()[pri:0, instance:com.Test.LoginTest@2c35e847]" started-at="2023-05-25T13:50:20 IST" name="beforetest" finished-at="2023-05-25T13:50:28 IST" duration-ms="8094" status="PASS">
          <reporter-output>
          </reporter-output>
        </test-method> <!-- beforetest -->
        <test-method signature="test()[pri:0, instance:com.Test.LoginTest@2c35e847]" started-at="2023-05-25T13:50:28 IST" name="test" finished-at="2023-05-25T13:50:29 IST" duration-ms="1108" status="PASS">
          <reporter-output>
          </reporter-output>
        </test-method> <!-- test -->
      </class> <!-- com.Test.LoginTest -->
    </test> <!-- Default test -->
  </suite> <!-- Default suite -->
</testng-results>
